-- Attaching packages --------------------------------------- tidyverse 1.3.0 --
v ggplot2 3.3.3     v purrr   0.3.4
v tibble  3.1.0     v dplyr   1.0.5
v tidyr   1.1.3     v stringr 1.4.0
v readr   1.4.0     v forcats 0.5.1
-- Conflicts ------------------------------------------ tidyverse_conflicts() --
x dplyr::filter()         masks stats::filter()
x readr::guess_encoding() masks rvest::guess_encoding()
x dplyr::lag()            masks stats::lag()
# A tibble: 1 x 3
  Date       `Total Detained` `Total Tested`
  <chr>      <chr>            <chr>         
1 04/21/2021 15,054           138,334       
# A tibble: 1 x 4
  Date      `Total COVID-19 Confirmed in~ `Total Deaths` `Total Cumulative COVI~
  <chr>     <chr>                         <chr>          <chr>                  
1 04/21/20~ 992                           9              12,085                 
# A tibble: 1 x 6
  Date     `Total Detained` `Total Cumulative COV~ `Total Tested` `Total Deaths`
  <chr>    <chr>            <chr>                  <chr>          <chr>         
1 04/21/2~ 15,054           12,085                 138,334        9             
# ... with 1 more variable: Total COVID-19 Confirmed in Custody <chr>
Error: '\U' used without hex digits in character string starting ""C:\U"
Execution halted
-- Attaching packages --------------------------------------- tidyverse 1.3.0 --
v ggplot2 3.3.3     v purrr   0.3.4
v tibble  3.1.0     v dplyr   1.0.5
v tidyr   1.1.3     v stringr 1.4.0
v readr   1.4.0     v forcats 0.5.1
-- Conflicts ------------------------------------------ tidyverse_conflicts() --
x dplyr::filter()         masks stats::filter()
x readr::guess_encoding() masks rvest::guess_encoding()
x dplyr::lag()            masks stats::lag()
# A tibble: 1 x 3
  Date       `Total Detained` `Total Tested`
  <chr>      <chr>            <chr>         
1 04/21/2021 15,054           138,334       
# A tibble: 1 x 4
  Date      `Total COVID-19 Confirmed in~ `Total Deaths` `Total Cumulative COVI~
  <chr>     <chr>                         <chr>          <chr>                  
1 04/21/20~ 992                           9              12,085                 
# A tibble: 1 x 6
  Date     `Total Detained` `Total Cumulative COV~ `Total Tested` `Total Deaths`
  <chr>    <chr>            <chr>                  <chr>          <chr>         
1 04/21/2~ 15,054           12,085                 138,334        9             
# ... with 1 more variable: Total COVID-19 Confirmed in Custody <chr>
Error: '\U' used without hex digits in character string starting ""C:\U"
Execution halted
-- Attaching packages --------------------------------------- tidyverse 1.3.0 --
v ggplot2 3.3.3     v purrr   0.3.4
v tibble  3.1.0     v dplyr   1.0.5
v tidyr   1.1.3     v stringr 1.4.0
v readr   1.4.0     v forcats 0.5.1
-- Conflicts ------------------------------------------ tidyverse_conflicts() --
x dplyr::filter()         masks stats::filter()
x readr::guess_encoding() masks rvest::guess_encoding()
x dplyr::lag()            masks stats::lag()
# A tibble: 1 x 3
  Date       `Total Detained` `Total Tested`
  <chr>      <chr>            <chr>         
1 04/21/2021 15,054           138,334       
# A tibble: 1 x 4
  Date      `Total COVID-19 Confirmed in~ `Total Deaths` `Total Cumulative COVI~
  <chr>     <chr>                         <chr>          <chr>                  
1 04/21/20~ 992                           9              12,085                 
# A tibble: 1 x 6
  Date     `Total Detained` `Total Cumulative COV~ `Total Tested` `Total Deaths`
  <chr>    <chr>            <chr>                  <chr>          <chr>         
1 04/21/2~ 15,054           12,085                 138,334        9             
# ... with 1 more variable: Total COVID-19 Confirmed in Custody <chr>
Error: '\U' used without hex digits in character string starting ""C:\U"
Execution halted
-- Attaching packages --------------------------------------- tidyverse 1.3.0 --
v ggplot2 3.3.3     v purrr   0.3.4
v tibble  3.1.0     v dplyr   1.0.5
v tidyr   1.1.3     v stringr 1.4.0
v readr   1.4.0     v forcats 0.5.1
-- Conflicts ------------------------------------------ tidyverse_conflicts() --
x dplyr::filter()         masks stats::filter()
x readr::guess_encoding() masks rvest::guess_encoding()
x dplyr::lag()            masks stats::lag()
# A tibble: 1 x 3
  Date       `Total Detained` `Total Tested`
  <chr>      <chr>            <chr>         
1 04/21/2021 15,054           138,334       
# A tibble: 1 x 4
  Date      `Total COVID-19 Confirmed in~ `Total Deaths` `Total Cumulative COVI~
  <chr>     <chr>                         <chr>          <chr>                  
1 04/21/20~ 992                           9              12,085                 
# A tibble: 1 x 6
  Date     `Total Detained` `Total Cumulative COV~ `Total Tested` `Total Deaths`
  <chr>    <chr>            <chr>                  <chr>          <chr>         
1 04/21/2~ 15,054           12,085                 138,334        9             
# ... with 1 more variable: Total COVID-19 Confirmed in Custody <chr>
Error: '\U' used without hex digits in character string starting ""C:\U"
Execution halted
-- Attaching packages --------------------------------------- tidyverse 1.3.0 --
v ggplot2 3.3.3     v purrr   0.3.4
v tibble  3.1.0     v dplyr   1.0.5
v tidyr   1.1.3     v stringr 1.4.0
v readr   1.4.0     v forcats 0.5.1
-- Conflicts ------------------------------------------ tidyverse_conflicts() --
x dplyr::filter()         masks stats::filter()
x readr::guess_encoding() masks rvest::guess_encoding()
x dplyr::lag()            masks stats::lag()
# A tibble: 1 x 3
  Date       `Total Detained` `Total Tested`
  <chr>      <chr>            <chr>         
1 04/21/2021 15,054           138,334       
# A tibble: 1 x 4
  Date      `Total COVID-19 Confirmed in~ `Total Deaths` `Total Cumulative COVI~
  <chr>     <chr>                         <chr>          <chr>                  
1 04/21/20~ 992                           9              12,085                 
# A tibble: 1 x 6
  Date     `Total Detained` `Total Cumulative COV~ `Total Tested` `Total Deaths`
  <chr>    <chr>            <chr>                  <chr>          <chr>         
1 04/21/2~ 15,054           12,085                 138,334        9             
# ... with 1 more variable: Total COVID-19 Confirmed in Custody <chr>
# A tibble: 127 x 5
   Date   `Custody/AOR/Fac~ `Confirmed cases ~ `Detainee death~ `Total confirme~
   <chr>  <chr>             <chr>              <chr>            <chr>           
 1 04/21~ Charleston Count~ 0                  0                2               
 2 04/21~ Columbia Regiona~ 0                  0                1               
 3 04/21~ Folkston ICE Pro~ 0                  0                104             
 4 04/21~ Irwin County Det~ 0                  0                71              
 5 04/21~ Robert A. Deyton~ 0                  0                6               
 6 04/21~ Sheriff Al Canno~ 0                  0                1               
 7 04/21~ Stewart Detentio~ 2                  4                495             
 8 04/21~ Howard County De~ 0                  0                2               
 9 04/21~ Worcester County~ 0                  0                1               
10 04/21~ Bristol County D~ 0                  0                9               
# ... with 117 more rows
-- Attaching packages --------------------------------------- tidyverse 1.3.0 --
v ggplot2 3.3.3     v purrr   0.3.4
v tibble  3.1.0     v dplyr   1.0.5
v tidyr   1.1.3     v stringr 1.4.0
v readr   1.4.0     v forcats 0.5.1
-- Conflicts ------------------------------------------ tidyverse_conflicts() --
x dplyr::filter()         masks stats::filter()
x readr::guess_encoding() masks rvest::guess_encoding()
x dplyr::lag()            masks stats::lag()
# A tibble: 1 x 3
  Date       `Total Detained` `Total Tested`
  <chr>      <chr>            <chr>         
1 04/21/2021 15,054           138,334       
# A tibble: 1 x 4
  Date      `Total COVID-19 Confirmed in~ `Total Deaths` `Total Cumulative COVI~
  <chr>     <chr>                         <chr>          <chr>                  
1 04/21/20~ 992                           9              12,085                 
# A tibble: 1 x 6
  Date     `Total Detained` `Total Cumulative COV~ `Total Tested` `Total Deaths`
  <chr>    <chr>            <chr>                  <chr>          <chr>         
1 04/21/2~ 15,054           12,085                 138,334        9             
# ... with 1 more variable: Total COVID-19 Confirmed in Custody <chr>
# A tibble: 127 x 5
   Date   `Custody/AOR/Fac~ `Confirmed cases ~ `Detainee death~ `Total confirme~
   <chr>  <chr>             <chr>              <chr>            <chr>           
 1 04/21~ Charleston Count~ 0                  0                2               
 2 04/21~ Columbia Regiona~ 0                  0                1               
 3 04/21~ Folkston ICE Pro~ 0                  0                104             
 4 04/21~ Irwin County Det~ 0                  0                71              
 5 04/21~ Robert A. Deyton~ 0                  0                6               
 6 04/21~ Sheriff Al Canno~ 0                  0                1               
 7 04/21~ Stewart Detentio~ 2                  4                495             
 8 04/21~ Howard County De~ 0                  0                2               
 9 04/21~ Worcester County~ 0                  0                1               
10 04/21~ Bristol County D~ 0                  0                9               
# ... with 117 more rows
-- Attaching packages --------------------------------------- tidyverse 1.3.0 --
v ggplot2 3.3.3     v purrr   0.3.4
v tibble  3.1.0     v dplyr   1.0.5
v tidyr   1.1.3     v stringr 1.4.0
v readr   1.4.0     v forcats 0.5.1
-- Conflicts ------------------------------------------ tidyverse_conflicts() --
x dplyr::filter()         masks stats::filter()
x readr::guess_encoding() masks rvest::guess_encoding()
x dplyr::lag()            masks stats::lag()
# A tibble: 1 x 3
  Date       `Total Detained` `Total Tested`
  <chr>      <chr>            <chr>         
1 04/21/2021 15,054           138,334       
# A tibble: 1 x 4
  Date      `Total COVID-19 Confirmed in~ `Total Deaths` `Total Cumulative COVI~
  <chr>     <chr>                         <chr>          <chr>                  
1 04/21/20~ 992                           9              12,085                 
# A tibble: 1 x 6
  Date     `Total Detained` `Total Cumulative COV~ `Total Tested` `Total Deaths`
  <chr>    <chr>            <chr>                  <chr>          <chr>         
1 04/21/2~ 15,054           12,085                 138,334        9             
# ... with 1 more variable: Total COVID-19 Confirmed in Custody <chr>
# A tibble: 127 x 5
   Date   `Custody/AOR/Fac~ `Confirmed cases ~ `Detainee death~ `Total confirme~
   <chr>  <chr>             <chr>              <chr>            <chr>           
 1 04/21~ Charleston Count~ 0                  0                2               
 2 04/21~ Columbia Regiona~ 0                  0                1               
 3 04/21~ Folkston ICE Pro~ 0                  0                104             
 4 04/21~ Irwin County Det~ 0                  0                71              
 5 04/21~ Robert A. Deyton~ 0                  0                6               
 6 04/21~ Sheriff Al Canno~ 0                  0                1               
 7 04/21~ Stewart Detentio~ 2                  4                495             
 8 04/21~ Howard County De~ 0                  0                2               
 9 04/21~ Worcester County~ 0                  0                1               
10 04/21~ Bristol County D~ 0                  0                9               
# ... with 117 more rows
-- Attaching packages --------------------------------------- tidyverse 1.3.0 --
v ggplot2 3.3.3     v purrr   0.3.4
v tibble  3.1.0     v dplyr   1.0.5
v tidyr   1.1.3     v stringr 1.4.0
v readr   1.4.0     v forcats 0.5.1
-- Conflicts ------------------------------------------ tidyverse_conflicts() --
x dplyr::filter()         masks stats::filter()
x readr::guess_encoding() masks rvest::guess_encoding()
x dplyr::lag()            masks stats::lag()
# A tibble: 1 x 3
  Date       `Total Detained` `Total Tested`
  <chr>      <chr>            <chr>         
1 04/21/2021 15,054           138,334       
# A tibble: 1 x 4
  Date      `Total COVID-19 Confirmed in~ `Total Deaths` `Total Cumulative COVI~
  <chr>     <chr>                         <chr>          <chr>                  
1 04/21/20~ 992                           9              12,085                 
# A tibble: 1 x 6
  Date     `Total Detained` `Total Cumulative COV~ `Total Tested` `Total Deaths`
  <chr>    <chr>            <chr>                  <chr>          <chr>         
1 04/21/2~ 15,054           12,085                 138,334        9             
# ... with 1 more variable: Total COVID-19 Confirmed in Custody <chr>
Error in open.connection(file, "ab") : cannot open the connection
Calls: write_csv ... write_delim -> stream_delim -> open -> open.connection
In addition: Warning message:
In open.connection(file, "ab") :
  cannot open file 'C:\Users\nmc\Nextcloud\AVID_Restricted\ICE_data\ICE-COVID-19\data\covid_summaries.csv': Permission denied
Execution halted
